<?xml version="1.0" encoding="UTF-8"?>
<!-- Generated by org.testng.reporters.JUnitReportReporter -->
<testsuite hostname="DESKTOP-Q196GQO" failures="0" tests="1" name="testCases.FileUploadDemo2" time="0.787" errors="0" timestamp="2024-10-23T23:08:36 CEST" skipped="0">
  <testcase classname="testCases.FileUploadDemo2" name="fileUploadTest" time="0.787"/>
</testsuite> <!-- testCases.FileUploadDemo2 -->
